--------------------------------------
Running PBS prologue script
--------------------------------------
User and Job Data:
--------------------------------------
Job ID:    705080.qb3
Username:  kgusti
Group:     latechusers
Date:      09-Oct-2019 19:12
Node:      qb060 (111368)
--------------------------------------
PBS has allocated the following nodes:

qb060

A total of 20 processors on 1 nodes allocated
---------------------------------------------
Check nodes and clean them of stray processes
---------------------------------------------
Checking node qb060 19:12:12 
Done clearing all the allocated nodes
------------------------------------------------------
Concluding PBS prologue script - 09-Oct-2019 19:12:12
------------------------------------------------------
The total sum is 505097728.000000.
Time elapsed is 0.020000 seconds.
------------------------------------------------------
Running PBS epilogue script    - 09-Oct-2019 19:12:12
------------------------------------------------------
Checking node qb060 (MS)
Checking node qb060 ok
------------------------------------------------------
Concluding PBS epilogue script - 09-Oct-2019 19:12:14
------------------------------------------------------
Exit Status:     0
Job ID:          705080.qb3
Username:        kgusti
Group:           latechusers
Job Name:        myjob_lab21
Session Id:      111367
Resource Limits: ncpus=1,neednodes=1:ppn=20,nodes=1:ppn=20,walltime=01:00:00
Resources Used:  cput=00:00:00,mem=0kb,vmem=0kb,walltime=00:00:02
Queue Used:      workq
Account String:  loni_cyen405
Node:            qb060
Process id:      111975
------------------------------------------------------
