--------------------------------------
Running PBS prologue script
--------------------------------------
User and Job Data:
--------------------------------------
Job ID:    705091.qb3
Username:  kgusti
Group:     latechusers
Date:      09-Oct-2019 19:28
Node:      qb027 (95484)
--------------------------------------
PBS has allocated the following nodes:

qb027

A total of 20 processors on 1 nodes allocated
---------------------------------------------
Check nodes and clean them of stray processes
---------------------------------------------
Checking node qb027 19:28:31 
Done clearing all the allocated nodes
------------------------------------------------------
Concluding PBS prologue script - 09-Oct-2019 19:28:31
------------------------------------------------------
MPI run with 4 processes.
Message at proc# 0:Hello, droz from #0!

Time elapsed is 0.000149 seconds.
Message at proc# 1:Hello, droz from #0!

Message at proc# 2:Hello, droz from #0!

Message at proc# 3:Hello, droz from #0!

MPI run with 8 processes.
Message at proc# 0:Hello, droz from #0!

Time elapsed is 0.000193 seconds.
Message at proc# 1:Hello, droz from #0!

Message at proc# 2:Hello, droz from #0!

Message at proc# 3:Hello, droz from #0!

Message at proc# 4:Hello, droz from #0!

Message at proc# 5:Hello, droz from #0!

Message at proc# 6:Hello, droz from #0!

Message at proc# 7:Hello, droz from #0!

------------------------------------------------------
Running PBS epilogue script    - 09-Oct-2019 19:28:32
------------------------------------------------------
Checking node qb027 (MS)
Checking node qb027 ok
------------------------------------------------------
Concluding PBS epilogue script - 09-Oct-2019 19:28:34
------------------------------------------------------
Exit Status:     0
Job ID:          705091.qb3
Username:        kgusti
Group:           latechusers
Job Name:        myjob_lab24
Session Id:      95483
Resource Limits: ncpus=1,neednodes=1:ppn=20,nodes=1:ppn=20,walltime=01:00:00
Resources Used:  cput=00:00:03,mem=0kb,vmem=0kb,walltime=00:00:03
Queue Used:      workq
Account String:  loni_cyen405
Node:            qb027
Process id:      96118
------------------------------------------------------
